<?xml version="1.0" encoding="UTF-8"?>
<!-- Generated by org.testng.reporters.JUnitXMLReporter -->
<testsuite ignored="0" hostname="liyanfeideMacBook-Pro-2.local" failures="2" tests="4" name="autoTest" time="0.041" errors="0" timestamp="21 6æœˆ 2022 14:12:23 GMT">
  <testcase classname="test.DependTest" name="depend" time="0.012"/>
  <testcase classname="test.DependTest" name="failed" time="0.0">
    <failure type="java.lang.RuntimeException">
      <![CDATA[java.lang.RuntimeException
at test.DependTest.failed(DependTest.java:27)
at com.intellij.rt.testng.IDEARemoteTestNG.run(IDEARemoteTestNG.java:66)
at com.intellij.rt.testng.RemoteTestNGStarter.main(RemoteTestNGStarter.java:109)
... Removed 22 stack frames]]>
    </failure>
  </testcase> <!-- failed -->
  <testcase classname="test.DependTest" name="func" time="0.001"/>
  <testcase classname="test.DependTest" name="f" time="0.0">
    <failure type="java.lang.RuntimeException">
      <![CDATA[java.lang.RuntimeException
at test.DependTest.f(DependTest.java:22)
at com.intellij.rt.testng.IDEARemoteTestNG.run(IDEARemoteTestNG.java:66)
at com.intellij.rt.testng.RemoteTestNGStarter.main(RemoteTestNGStarter.java:109)
... Removed 22 stack frames]]>
    </failure>
  </testcase> <!-- f -->
</testsuite> <!-- autoTest -->
